<?xml version="1.0" encoding="UTF-8"?>
<!-- Generated by org.testng.reporters.JUnitReportReporter -->
<testsuite skipped="7" hostname="WIN-NO5VUV5PR36" name="pe.com.test.system.testCase.MantenimientoCategoria" tests="14" failures="3" timestamp="23 oct 2018 14:36:00 GMT" time="123.438" errors="0">
  <testcase name="insertarCategoria" time="14.248" classname="pe.com.test.system.testCase.MantenimientoCategoria"/>
  <testcase name="insertarCategoria" time="4.828" classname="pe.com.test.system.testCase.MantenimientoCategoria">
    <failure type="java.lang.AssertionError" message="Error: unknown error: Element is not clickable at point (-83, 72)
  (Session info: chrome=70.0.3538.67)
  (Driver info: chromedriver=2.42.591088 (7b2b2dca23cca0862f674758c9a3933e685c27d5),platform=Windows NT 6.1.7601 SP1 x86_64) (WARNING: The server did not provide any stacktrace information)
Command duration or timeout: 0 milliseconds
Build info: version: &#039;3.14.0&#039;, revision: &#039;aacccce0&#039;, time: &#039;2018-08-02T20:19:58.91Z&#039;
System info: host: &#039;WIN-NO5VUV5PR36&#039;, ip: &#039;192.168.80.133&#039;, os.name: &#039;Windows 7&#039;, os.arch: &#039;amd64&#039;, os.version: &#039;6.1&#039;, java.version: &#039;1.8.0_181&#039;
Driver info: org.openqa.selenium.chrome.ChromeDriver
Capabilities {acceptInsecureCerts: false, acceptSslCerts: false, applicationCacheEnabled: false, browserConnectionEnabled: false, browserName: chrome, chrome: {chromedriverVersion: 2.42.591088 (7b2b2dca23cca0..., userDataDir: C:\Users\Operador\AppData\L...}, cssSelectorsEnabled: true, databaseEnabled: false, goog:chromeOptions: {debuggerAddress: localhost:50688}, handlesAlerts: true, hasTouchScreen: false, javascriptEnabled: true, locationContextEnabled: true, mobileEmulationEnabled: false, nativeEvents: true, networkConnectionEnabled: false, pageLoadStrategy: normal, platform: XP, platformName: XP, rotatable: false, setWindowRect: true, takesHeapSnapshot: true, takesScreenshot: true, unexpectedAlertBehaviour: , unhandledPromptBehavior: , version: 70.0.3538.67, webStorageEnabled: true}
Session ID: 174210a482628fed638f948cb404f3c1">
      <![CDATA[java.lang.AssertionError: Error: unknown error: Element is not clickable at point (-83, 72)
  (Session info: chrome=70.0.3538.67)
  (Driver info: chromedriver=2.42.591088 (7b2b2dca23cca0862f674758c9a3933e685c27d5),platform=Windows NT 6.1.7601 SP1 x86_64) (WARNING: The server did not provide any stacktrace information)
Command duration or timeout: 0 milliseconds
Build info: version: '3.14.0', revision: 'aacccce0', time: '2018-08-02T20:19:58.91Z'
System info: host: 'WIN-NO5VUV5PR36', ip: '192.168.80.133', os.name: 'Windows 7', os.arch: 'amd64', os.version: '6.1', java.version: '1.8.0_181'
Driver info: org.openqa.selenium.chrome.ChromeDriver
Capabilities {acceptInsecureCerts: false, acceptSslCerts: false, applicationCacheEnabled: false, browserConnectionEnabled: false, browserName: chrome, chrome: {chromedriverVersion: 2.42.591088 (7b2b2dca23cca0..., userDataDir: C:\Users\Operador\AppData\L...}, cssSelectorsEnabled: true, databaseEnabled: false, goog:chromeOptions: {debuggerAddress: localhost:50688}, handlesAlerts: true, hasTouchScreen: false, javascriptEnabled: true, locationContextEnabled: true, mobileEmulationEnabled: false, nativeEvents: true, networkConnectionEnabled: false, pageLoadStrategy: normal, platform: XP, platformName: XP, rotatable: false, setWindowRect: true, takesHeapSnapshot: true, takesScreenshot: true, unexpectedAlertBehaviour: , unhandledPromptBehavior: , version: 70.0.3538.67, webStorageEnabled: true}
Session ID: 174210a482628fed638f948cb404f3c1
at org.testng.Assert.fail(Assert.java:96)
at pe.com.test.system.testCase.MantenimientoCategoria.insertarCategoria(MantenimientoCategoria.java:92)
at sun.reflect.NativeMethodAccessorImpl.invoke0(Native Method)
at sun.reflect.NativeMethodAccessorImpl.invoke(Unknown Source)
at sun.reflect.DelegatingMethodAccessorImpl.invoke(Unknown Source)
at java.lang.reflect.Method.invoke(Unknown Source)
at org.testng.internal.MethodInvocationHelper.invokeMethod(MethodInvocationHelper.java:124)
at org.testng.internal.Invoker.invokeMethod(Invoker.java:583)
at org.testng.internal.Invoker.invokeTestMethod(Invoker.java:719)
at org.testng.internal.Invoker.invokeTestMethods(Invoker.java:989)
at org.testng.internal.TestMethodWorker.invokeTestMethods(TestMethodWorker.java:125)
at org.testng.internal.TestMethodWorker.run(TestMethodWorker.java:109)
at org.testng.TestRunner.privateRun(TestRunner.java:648)
at org.testng.TestRunner.run(TestRunner.java:505)
at org.testng.SuiteRunner.runTest(SuiteRunner.java:455)
at org.testng.SuiteRunner.access$000(SuiteRunner.java:40)
at org.testng.SuiteRunner$SuiteWorker.run(SuiteRunner.java:489)
at org.testng.internal.thread.ThreadUtil$1.call(ThreadUtil.java:52)
at java.util.concurrent.FutureTask.run(Unknown Source)
at java.util.concurrent.ThreadPoolExecutor.runWorker(Unknown Source)
at java.util.concurrent.ThreadPoolExecutor$Worker.run(Unknown Source)
at java.lang.Thread.run(Unknown Source)
]]>
    </failure>
  </testcase> <!-- insertarCategoria -->
  <testcase name="actualizarCategoria_criterio03" time="0.001" classname="pe.com.test.system.testCase.MantenimientoCategoria">
    <skipped/>
  </testcase> <!-- actualizarCategoria_criterio03 -->
  <testcase name="eliminarCategoria_criterio02" time="0.000" classname="pe.com.test.system.testCase.MantenimientoCategoria">
    <skipped/>
  </testcase> <!-- eliminarCategoria_criterio02 -->
  <testcase name="eliminarCategoria_criterio01" time="19.668" classname="pe.com.test.system.testCase.MantenimientoCategoria">
    <failure type="java.lang.AssertionError" message="expected [Se eliminó de manera correcta la Categoría] but found [Ocurrio un error inesperado, codigo de error: 23102018093542]">
      <![CDATA[java.lang.AssertionError: expected [Se eliminó de manera correcta la Categoría] but found [Ocurrio un error inesperado, codigo de error: 23102018093542]
at org.testng.Assert.fail(Assert.java:96)
at org.testng.Assert.failNotEquals(Assert.java:776)
at org.testng.Assert.assertEqualsImpl(Assert.java:137)
at org.testng.Assert.assertEquals(Assert.java:118)
at org.testng.Assert.assertEquals(Assert.java:453)
at org.testng.Assert.assertEquals(Assert.java:463)
at pe.com.test.system.testCase.MantenimientoCategoria.eliminarCategoria_criterio01(MantenimientoCategoria.java:197)
at sun.reflect.NativeMethodAccessorImpl.invoke0(Native Method)
at sun.reflect.NativeMethodAccessorImpl.invoke(Unknown Source)
at sun.reflect.DelegatingMethodAccessorImpl.invoke(Unknown Source)
at java.lang.reflect.Method.invoke(Unknown Source)
at org.testng.internal.MethodInvocationHelper.invokeMethod(MethodInvocationHelper.java:124)
at org.testng.internal.Invoker.invokeMethod(Invoker.java:583)
at org.testng.internal.Invoker.invokeTestMethod(Invoker.java:719)
at org.testng.internal.Invoker.invokeTestMethods(Invoker.java:989)
at org.testng.internal.TestMethodWorker.invokeTestMethods(TestMethodWorker.java:125)
at org.testng.internal.TestMethodWorker.run(TestMethodWorker.java:109)
at org.testng.TestRunner.privateRun(TestRunner.java:648)
at org.testng.TestRunner.run(TestRunner.java:505)
at org.testng.SuiteRunner.runTest(SuiteRunner.java:455)
at org.testng.SuiteRunner.access$000(SuiteRunner.java:40)
at org.testng.SuiteRunner$SuiteWorker.run(SuiteRunner.java:489)
at org.testng.internal.thread.ThreadUtil$1.call(ThreadUtil.java:52)
at java.util.concurrent.FutureTask.run(Unknown Source)
at java.util.concurrent.ThreadPoolExecutor.runWorker(Unknown Source)
at java.util.concurrent.ThreadPoolExecutor$Worker.run(Unknown Source)
at java.lang.Thread.run(Unknown Source)
]]>
    </failure>
  </testcase> <!-- eliminarCategoria_criterio01 -->
  <testcase name="actualizarCategoria_criterio01" time="0.000" classname="pe.com.test.system.testCase.MantenimientoCategoria">
    <skipped/>
  </testcase> <!-- actualizarCategoria_criterio01 -->
  <testcase name="actualizarCategoria_criterio02" time="0.000" classname="pe.com.test.system.testCase.MantenimientoCategoria">
    <skipped/>
  </testcase> <!-- actualizarCategoria_criterio02 -->
  <testcase name="insertarCategoria" time="14.480" classname="pe.com.test.system.testCase.MantenimientoCategoria"/>
  <testcase name="actualizarCategoria_criterio03" time="0.000" classname="pe.com.test.system.testCase.MantenimientoCategoria">
    <skipped/>
  </testcase> <!-- actualizarCategoria_criterio03 -->
  <testcase name="insertarCategoria" time="15.968" classname="pe.com.test.system.testCase.MantenimientoCategoria"/>
  <testcase name="actualizarCategoria_criterio01" time="39.647" classname="pe.com.test.system.testCase.MantenimientoCategoria">
    <failure type="java.lang.AssertionError" message="Error: Unable to locate element: //*[@id=&quot;tablaCategorias_data&quot;]/tr[1]/td[2]
For documentation on this error, please visit: http://seleniumhq.org/exceptions/no_such_element.html
Build info: version: &#039;3.14.0&#039;, revision: &#039;aacccce0&#039;, time: &#039;2018-08-02T20:19:58.91Z&#039;
System info: host: &#039;WIN-NO5VUV5PR36&#039;, ip: &#039;192.168.80.133&#039;, os.name: &#039;Windows 7&#039;, os.arch: &#039;amd64&#039;, os.version: &#039;6.1&#039;, java.version: &#039;1.8.0_181&#039;
Driver info: org.openqa.selenium.firefox.FirefoxDriver
Capabilities {acceptInsecureCerts: true, browserName: firefox, browserVersion: 62.0.3, javascriptEnabled: true, moz:accessibilityChecks: false, moz:geckodriverVersion: 0.23.0, moz:headless: false, moz:processID: 6776, moz:profile: C:\Users\Operador\AppData\L..., moz:useNonSpecCompliantPointerOrigin: false, moz:webdriverClick: true, pageLoadStrategy: normal, platform: XP, platformName: XP, platformVersion: 6.1, rotatable: false, timeouts: {implicit: 0, pageLoad: 300000, script: 30000}}
Session ID: ac579045-a035-4b62-9fff-5364b16ba248
*** Element info: {Using=xpath, value=//*[@id=&quot;tablaCategorias_data&quot;]/tr[1]/td[2]}">
      <![CDATA[java.lang.AssertionError: Error: Unable to locate element: //*[@id="tablaCategorias_data"]/tr[1]/td[2]
For documentation on this error, please visit: http://seleniumhq.org/exceptions/no_such_element.html
Build info: version: '3.14.0', revision: 'aacccce0', time: '2018-08-02T20:19:58.91Z'
System info: host: 'WIN-NO5VUV5PR36', ip: '192.168.80.133', os.name: 'Windows 7', os.arch: 'amd64', os.version: '6.1', java.version: '1.8.0_181'
Driver info: org.openqa.selenium.firefox.FirefoxDriver
Capabilities {acceptInsecureCerts: true, browserName: firefox, browserVersion: 62.0.3, javascriptEnabled: true, moz:accessibilityChecks: false, moz:geckodriverVersion: 0.23.0, moz:headless: false, moz:processID: 6776, moz:profile: C:\Users\Operador\AppData\L..., moz:useNonSpecCompliantPointerOrigin: false, moz:webdriverClick: true, pageLoadStrategy: normal, platform: XP, platformName: XP, platformVersion: 6.1, rotatable: false, timeouts: {implicit: 0, pageLoad: 300000, script: 30000}}
Session ID: ac579045-a035-4b62-9fff-5364b16ba248
*** Element info: {Using=xpath, value=//*[@id="tablaCategorias_data"]/tr[1]/td[2]}
at org.testng.Assert.fail(Assert.java:96)
at pe.com.test.system.testCase.MantenimientoCategoria.actualizarCategoria_criterio01(MantenimientoCategoria.java:137)
at sun.reflect.NativeMethodAccessorImpl.invoke0(Native Method)
at sun.reflect.NativeMethodAccessorImpl.invoke(Unknown Source)
at sun.reflect.DelegatingMethodAccessorImpl.invoke(Unknown Source)
at java.lang.reflect.Method.invoke(Unknown Source)
at org.testng.internal.MethodInvocationHelper.invokeMethod(MethodInvocationHelper.java:124)
at org.testng.internal.Invoker.invokeMethod(Invoker.java:583)
at org.testng.internal.Invoker.invokeTestMethod(Invoker.java:719)
at org.testng.internal.Invoker.invokeTestMethods(Invoker.java:989)
at org.testng.internal.TestMethodWorker.invokeTestMethods(TestMethodWorker.java:125)
at org.testng.internal.TestMethodWorker.run(TestMethodWorker.java:109)
at org.testng.TestRunner.privateRun(TestRunner.java:648)
at org.testng.TestRunner.run(TestRunner.java:505)
at org.testng.SuiteRunner.runTest(SuiteRunner.java:455)
at org.testng.SuiteRunner.access$000(SuiteRunner.java:40)
at org.testng.SuiteRunner$SuiteWorker.run(SuiteRunner.java:489)
at org.testng.internal.thread.ThreadUtil$1.call(ThreadUtil.java:52)
at java.util.concurrent.FutureTask.run(Unknown Source)
at java.util.concurrent.ThreadPoolExecutor.runWorker(Unknown Source)
at java.util.concurrent.ThreadPoolExecutor$Worker.run(Unknown Source)
at java.lang.Thread.run(Unknown Source)
]]>
    </failure>
  </testcase> <!-- actualizarCategoria_criterio01 -->
  <testcase name="eliminarCategoria_criterio01" time="0.000" classname="pe.com.test.system.testCase.MantenimientoCategoria">
    <skipped/>
  </testcase> <!-- eliminarCategoria_criterio01 -->
  <testcase name="eliminarCategoria_criterio02" time="14.598" classname="pe.com.test.system.testCase.MantenimientoCategoria"/>
  <testcase name="actualizarCategoria_criterio02" time="0.000" classname="pe.com.test.system.testCase.MantenimientoCategoria">
    <skipped/>
  </testcase> <!-- actualizarCategoria_criterio02 -->
</testsuite> <!-- pe.com.test.system.testCase.MantenimientoCategoria -->
